0 info it worked if it ends with ok
1 verbose cli [ 'node', '/usr/local/bin/npm', 'link' ]
2 info using npm@1.2.18
3 info using node@v0.10.5
4 verbose linkPkg /Users/Daniel/Documents/hyper/dds/theinternet
5 verbose read json /Users/Daniel/Documents/hyper/dds/theinternet/package.json
6 error Error: EACCES, symlink '/Users/Daniel/Documents/hyper/dds/theinternet'
6 error  { [Error: EACCES, symlink '/Users/Daniel/Documents/hyper/dds/theinternet']
6 error   errno: 3,
6 error   code: 'EACCES',
6 error   path: '/Users/Daniel/Documents/hyper/dds/theinternet' }
7 error Please try running this command again as root/Administrator.
8 error System Darwin 12.4.0
9 error command "node" "/usr/local/bin/npm" "link"
10 error cwd /Users/Daniel/Documents/hyper/dds/theinternet
11 error node -v v0.10.5
12 error npm -v 1.2.18
13 error path /Users/Daniel/Documents/hyper/dds/theinternet
14 error code EACCES
15 error errno 3
16 error stack Error: EACCES, symlink '/Users/Daniel/Documents/hyper/dds/theinternet'
17 verbose exit [ 3, true ]
